/var/spool/slurmd/job23048974/slurm_script: line 11: cd: SocialInteractionModel/: No such file or directory
Loading required package: reshape2
Loading required package: igraph

Attaching package: ‘igraph’

The following objects are masked from ‘package:stats’:

    decompose, spectrum

The following object is masked from ‘package:base’:

    union

Loading required package: ggplot2
Loading required package: msm
Loading required package: dplyr

Attaching package: ‘dplyr’

The following objects are masked from ‘package:igraph’:

    as_data_frame, groups, union

The following objects are masked from ‘package:stats’:

    filter, lag

The following objects are masked from ‘package:base’:

    intersect, setdiff, setequal, union

Loading required package: tidyr

Attaching package: ‘tidyr’

The following object is masked from ‘package:igraph’:

    crossing

The following object is masked from ‘package:reshape2’:

    smiths

Loading required package: gtools

Attaching package: ‘gtools’

The following object is masked from ‘package:igraph’:

    permute

Loading required package: stringr
Loading required package: snow

Attaching package: ‘snow’

The following objects are masked from ‘package:parallel’:

    clusterApply, clusterApplyLB, clusterCall, clusterEvalQ,
    clusterExport, clusterMap, clusterSplit, makeCluster, parApply,
    parCapply, parLapply, parRapply, parSapply, splitIndices,
    stopCluster

R Version:  R version 3.5.2 (2018-12-20) 

snowfall 1.84-6.1 initialized (using snow 0.4-2): parallel execution on 32 CPUs.

Warning message:
In searchCommandline(parallel, cpus = cpus, type = type, socketHosts = socketHosts,  :
  Unknown option on commandline: --file
Library dplyr loaded.
Library dplyr loaded in cluster.

Library reshape2 loaded.
Library reshape2 loaded in cluster.

Library igraph loaded.
Library igraph loaded in cluster.

Library ggplot2 loaded.
Library ggplot2 loaded in cluster.

Library msm loaded.
Library msm loaded in cluster.

Library gtools loaded.
Library gtools loaded in cluster.

Library snowfall loaded.
Library snowfall loaded in cluster.

Library tidyr loaded.
Library tidyr loaded in cluster.

Loading required namespace: rlecuyer
Error in 1:nrow(betas) : argument of length 0
Calls: sfLapply ... staticClusterApply -> splitList -> lapply -> splitIndices
Execution halted
